<?xml version="1.0" encoding="UTF-8"?>
<testsuite xmlns:xsi="http://www.w3.org/2001/XMLSchema-instance" xsi:noNamespaceSchemaLocation="https://maven.apache.org/surefire/maven-surefire-plugin/xsd/surefire-test-report.xsd" name="com.sgen.breakmedown.breakmedown.repository.AppUserRepoTest" time="1.738" tests="1" errors="1" skipped="0" failures="0">
  <properties>
[...]
</properties>
  <testcase name="test" classname="com.sgen.breakmedown.breakmedown.repository.AppUserRepoTest" time="0.212">
    <error message="org.hibernate.TransientPropertyValueException: object references an unsaved transient instance - save the transient instance before flushing : com.sgen.breakmedown.breakmedown.model.AppUser.account -&gt; com.sgen.breakmedown.breakmedown.model.account.Account; nested exception is java.lang.IllegalStateException: org.hibernate.TransientPropertyValueException: object references an unsaved transient instance - save the transient instance before flushing : com.sgen.breakmedown.breakmedown.model.AppUser.account -&gt; com.sgen.breakmedown.breakmedown.model.account.Account" type="org.springframework.dao.InvalidDataAccessApiUsageException">org.springframework.dao.InvalidDataAccessApiUsageException: org.hibernate.TransientPropertyValueException: object references an unsaved transient instance - save the transient instance before flushing : com.sgen.breakmedown.breakmedown.model.AppUser.account -> com.sgen.breakmedown.breakmedown.model.account.Account; nested exception is java.lang.IllegalStateException: org.hibernate.TransientPropertyValueException: object references an unsaved transient instance - save the transient instance before flushing : com.sgen.breakmedown.breakmedown.model.AppUser.account -> com.sgen.breakmedown.breakmedown.model.account.Account
	at com.sgen.breakmedown.breakmedown.repository.AppUserRepoTest.test(AppUserRepoTest.java:27)
Caused by: java.lang.IllegalStateException: org.hibernate.TransientPropertyValueException: object references an unsaved transient instance - save the transient instance before flushing : com.sgen.breakmedown.breakmedown.model.AppUser.account -> com.sgen.breakmedown.breakmedown.model.account.Account
	at com.sgen.breakmedown.breakmedown.repository.AppUserRepoTest.test(AppUserRepoTest.java:27)
Caused by: org.hibernate.TransientPropertyValueException: object references an unsaved transient instance - save the transient instance before flushing : com.sgen.breakmedown.breakmedown.model.AppUser.account -> com.sgen.breakmedown.breakmedown.model.account.Account
	at com.sgen.breakmedown.breakmedown.repository.AppUserRepoTest.test(AppUserRepoTest.java:27)
</error>
    <system-out><![CDATA[2022-07-19 12:55:58.793  INFO 10501 --- [           main] b.t.a.o.j.DataJpaTestContextBootstrapper : Neither @ContextConfiguration nor @ContextHierarchy found for test class [com.sgen.breakmedown.breakmedown.repository.AppUserRepoTest], using SpringBootContextLoader
2022-07-19 12:55:58.795  INFO 10501 --- [           main] o.s.t.c.support.AbstractContextLoader    : Could not detect default resource locations for test class [com.sgen.breakmedown.breakmedown.repository.AppUserRepoTest]: no resource found for suffixes {-context.xml, Context.groovy}.
2022-07-19 12:55:58.797  INFO 10501 --- [           main] t.c.s.AnnotationConfigContextLoaderUtils : Could not detect default configuration classes for test class [com.sgen.breakmedown.breakmedown.repository.AppUserRepoTest]: AppUserRepoTest does not declare any static, non-private, non-final, nested classes annotated with @Configuration.
2022-07-19 12:55:58.878  INFO 10501 --- [           main] .b.t.c.SpringBootTestContextBootstrapper : Found @SpringBootConfiguration com.sgen.breakmedown.breakmedown.BreakMeDownApplication for test class com.sgen.breakmedown.breakmedown.repository.AppUserRepoTest
2022-07-19 12:55:58.887  INFO 10501 --- [           main] b.t.a.o.j.DataJpaTestContextBootstrapper : Loaded default TestExecutionListener class names from location [META-INF/spring.factories]: [org.springframework.boot.test.mock.mockito.MockitoTestExecutionListener, org.springframework.boot.test.mock.mockito.ResetMocksTestExecutionListener, org.springframework.boot.test.autoconfigure.restdocs.RestDocsTestExecutionListener, org.springframework.boot.test.autoconfigure.web.client.MockRestServiceServerResetTestExecutionListener, org.springframework.boot.test.autoconfigure.web.servlet.MockMvcPrintOnlyOnFailureTestExecutionListener, org.springframework.boot.test.autoconfigure.web.servlet.WebDriverTestExecutionListener, org.springframework.boot.test.autoconfigure.webservices.client.MockWebServiceServerTestExecutionListener, org.springframework.test.context.web.ServletTestExecutionListener, org.springframework.test.context.support.DirtiesContextBeforeModesTestExecutionListener, org.springframework.test.context.event.ApplicationEventsTestExecutionListener, org.springframework.test.context.support.DependencyInjectionTestExecutionListener, org.springframework.test.context.support.DirtiesContextTestExecutionListener, org.springframework.test.context.transaction.TransactionalTestExecutionListener, org.springframework.test.context.jdbc.SqlScriptsTestExecutionListener, org.springframework.test.context.event.EventPublishingTestExecutionListener, org.springframework.security.test.context.support.WithSecurityContextTestExecutionListener, org.springframework.security.test.context.support.ReactorContextTestExecutionListener]
2022-07-19 12:55:58.890  INFO 10501 --- [           main] b.t.a.o.j.DataJpaTestContextBootstrapper : Using TestExecutionListeners: [org.springframework.test.context.web.ServletTestExecutionListener@188532da, org.springframework.test.context.support.DirtiesContextBeforeModesTestExecutionListener@f10927f, org.springframework.test.context.event.ApplicationEventsTestExecutionListener@7e4c0bc7, org.springframework.boot.test.mock.mockito.MockitoTestExecutionListener@36570936, org.springframework.boot.test.autoconfigure.SpringBootDependencyInjectionTestExecutionListener@775fec4, org.springframework.test.context.support.DirtiesContextTestExecutionListener@c7d173f, org.springframework.test.context.transaction.TransactionalTestExecutionListener@12f12744, org.springframework.test.context.jdbc.SqlScriptsTestExecutionListener@1c618295, org.springframework.test.context.event.EventPublishingTestExecutionListener@344acc03, org.springframework.security.test.context.support.WithSecurityContextTestExecutionListener@50eae15a, org.springframework.security.test.context.support.ReactorContextTestExecutionListener@4bba2704, org.springframework.boot.test.mock.mockito.ResetMocksTestExecutionListener@5b5f61cc, org.springframework.boot.test.autoconfigure.restdocs.RestDocsTestExecutionListener@39179470, org.springframework.boot.test.autoconfigure.web.client.MockRestServiceServerResetTestExecutionListener@3ef04239, org.springframework.boot.test.autoconfigure.web.servlet.MockMvcPrintOnlyOnFailureTestExecutionListener@2468c0e4, org.springframework.boot.test.autoconfigure.web.servlet.WebDriverTestExecutionListener@49994a4, org.springframework.boot.test.autoconfigure.webservices.client.MockWebServiceServerTestExecutionListener@1a82453]

  .   ____          _            __ _ _
 /\\ / ___'_ __ _ _(_)_ __  __ _ \ \ \ \
( ( )\___ | '_ | '_| | '_ \/ _` | \ \ \ \
 \\/  ___)| |_)| | | | | || (_| |  ) ) ) )
  '  |____| .__|_| |_|_| |_\__, | / / / /
 =========|_|==============|___/=/_/_/_/
 :: Spring Boot ::                (v2.6.3)

2022-07-19 12:55:59.028  INFO 10501 --- [           main] c.s.b.b.repository.AppUserRepoTest       : Starting AppUserRepoTest using Java 17.0.3.1 on sgen-pc with PID 10501 (started by sgen in /home/sgen/Developer/projects/java/spring/selft-teaching/break-me-down-spring-security)
2022-07-19 12:55:59.045  INFO 10501 --- [           main] c.s.b.b.repository.AppUserRepoTest       : No active profile set, falling back to default profiles: default
2022-07-19 12:55:59.402  INFO 10501 --- [           main] .s.d.r.c.RepositoryConfigurationDelegate : Bootstrapping Spring Data JPA repositories in DEFAULT mode.
2022-07-19 12:55:59.433  INFO 10501 --- [           main] .s.d.r.c.RepositoryConfigurationDelegate : Finished Spring Data repository scanning in 30 ms. Found 3 JPA repository interfaces.
2022-07-19 12:55:59.484  INFO 10501 --- [           main] beddedDataSourceBeanFactoryPostProcessor : Replacing 'dataSource' DataSource bean with embedded version
2022-07-19 12:55:59.618  INFO 10501 --- [           main] o.s.j.d.e.EmbeddedDatabaseFactory        : Starting embedded database: url='jdbc:h2:mem:292de8f7-6517-43dc-9727-2695a4430a5f;DB_CLOSE_DELAY=-1;DB_CLOSE_ON_EXIT=false', username='sa'
2022-07-19 12:55:59.767  INFO 10501 --- [           main] o.hibernate.jpa.internal.util.LogHelper  : HHH000204: Processing PersistenceUnitInfo [name: default]
2022-07-19 12:55:59.775  INFO 10501 --- [           main] org.hibernate.dialect.Dialect            : HHH000400: Using dialect: org.hibernate.dialect.H2Dialect
Hibernate: drop table if exists accounts CASCADE 
Hibernate: drop table if exists app_users CASCADE 
Hibernate: drop table if exists app_users_subscriptions CASCADE 
Hibernate: drop table if exists subscriptions CASCADE 
Hibernate: create table accounts (id integer generated by default as identity, account_status varchar(255), balance double not null, primary key (id))
Hibernate: create table app_users (id integer generated by default as identity, first_name varchar(255), last_name varchar(255), password varchar(255), role varchar(255), username varchar(255) not null, account_id integer, primary key (id))
Hibernate: create table app_users_subscriptions (app_users_id integer not null, subscriptions_id integer not null, primary key (app_users_id, subscriptions_id))
Hibernate: create table subscriptions (id integer generated by default as identity, details varchar(255), fees float not null, subscription_type varchar(255), primary key (id))
Hibernate: alter table app_users add constraint UK_spsnwr241e9k9c8p5xl4k45ih unique (username)
Hibernate: alter table app_users add constraint FKn9kw2tejq0pu81frp4glri48u foreign key (account_id) references accounts
Hibernate: alter table app_users_subscriptions add constraint FKs71b1ifbxh2fmmuxbt45ljr0v foreign key (subscriptions_id) references subscriptions
Hibernate: alter table app_users_subscriptions add constraint FKbqmp16rb8vbkiijp3lcp1qbjr foreign key (app_users_id) references app_users
2022-07-19 12:55:59.998  INFO 10501 --- [           main] o.h.e.t.j.p.i.JtaPlatformInitiator       : HHH000490: Using JtaPlatform implementation: [org.hibernate.engine.transaction.jta.platform.internal.NoJtaPlatform]
2022-07-19 12:55:59.999  INFO 10501 --- [           main] j.LocalContainerEntityManagerFactoryBean : Initialized JPA EntityManagerFactory for persistence unit 'default'
2022-07-19 12:56:00.417  INFO 10501 --- [           main] c.s.b.b.repository.AppUserRepoTest       : Started AppUserRepoTest in 1.518 seconds (JVM running for 25.328)
2022-07-19 12:56:00.431  INFO 10501 --- [           main] o.s.t.c.transaction.TransactionContext   : Began transaction (1) for test context [DefaultTestContext@6f627a1a testClass = AppUserRepoTest, testInstance = com.sgen.breakmedown.breakmedown.repository.AppUserRepoTest@655b9169, testMethod = test@AppUserRepoTest, testException = [null], mergedContextConfiguration = [MergedContextConfiguration@4917992b testClass = AppUserRepoTest, locations = '{}', classes = '{class com.sgen.breakmedown.breakmedown.BreakMeDownApplication}', contextInitializerClasses = '[]', activeProfiles = '{}', propertySourceLocations = '{}', propertySourceProperties = '{org.springframework.boot.test.autoconfigure.orm.jpa.DataJpaTestContextBootstrapper=true}', contextCustomizers = set[[ImportsContextCustomizer@62536882 key = [org.springframework.boot.autoconfigure.cache.CacheAutoConfiguration, org.springframework.boot.autoconfigure.data.jpa.JpaRepositoriesAutoConfiguration, org.springframework.boot.autoconfigure.flyway.FlywayAutoConfiguration, org.springframework.boot.autoconfigure.jdbc.DataSourceAutoConfiguration, org.springframework.boot.autoconfigure.jdbc.DataSourceTransactionManagerAutoConfiguration, org.springframework.boot.autoconfigure.jdbc.JdbcTemplateAutoConfiguration, org.springframework.boot.autoconfigure.liquibase.LiquibaseAutoConfiguration, org.springframework.boot.autoconfigure.orm.jpa.HibernateJpaAutoConfiguration, org.springframework.boot.autoconfigure.sql.init.SqlInitializationAutoConfiguration, org.springframework.boot.autoconfigure.transaction.TransactionAutoConfiguration, org.springframework.boot.test.autoconfigure.jdbc.TestDatabaseAutoConfiguration, org.springframework.boot.test.autoconfigure.orm.jpa.TestEntityManagerAutoConfiguration]], org.springframework.boot.test.context.filter.ExcludeFilterContextCustomizer@10feca44, org.springframework.boot.test.json.DuplicateJsonObjectContextCustomizerFactory$DuplicateJsonObjectContextCustomizer@4d02f94e, org.springframework.boot.test.mock.mockito.MockitoContextCustomizer@0, org.springframework.boot.test.autoconfigure.OverrideAutoConfigurationContextCustomizerFactory$DisableAutoConfigurationContextCustomizer@742aa00a, org.springframework.boot.test.autoconfigure.actuate.metrics.MetricsExportContextCustomizerFactory$DisableMetricExportContextCustomizer@505fc5a4, org.springframework.boot.test.autoconfigure.filter.TypeExcludeFiltersContextCustomizer@351584c0, org.springframework.boot.test.autoconfigure.properties.PropertyMappingContextCustomizer@dee870c1, org.springframework.boot.test.autoconfigure.web.servlet.WebDriverContextCustomizerFactory$Customizer@7205765b, org.springframework.boot.test.context.SpringBootTestArgs@1, org.springframework.boot.test.context.SpringBootTestWebEnvironment@0], contextLoader = 'org.springframework.boot.test.context.SpringBootContextLoader', parent = [null]], attributes = map['org.springframework.test.context.event.ApplicationEventsTestExecutionListener.recordApplicationEvents' -> false]]; transaction manager [org.springframework.orm.jpa.JpaTransactionManager@3a388769]; rollback [true]
Hibernate: insert into app_users (id, account_id, first_name, last_name, password, role, username) values (null, ?, ?, ?, ?, ?, ?)
2022-07-19 12:56:00.596  INFO 10501 --- [           main] o.s.t.c.transaction.TransactionContext   : Rolled back transaction for test: [DefaultTestContext@6f627a1a testClass = AppUserRepoTest, testInstance = com.sgen.breakmedown.breakmedown.repository.AppUserRepoTest@655b9169, testMethod = test@AppUserRepoTest, testException = org.springframework.dao.InvalidDataAccessApiUsageException: org.hibernate.TransientPropertyValueException: object references an unsaved transient instance - save the transient instance before flushing : com.sgen.breakmedown.breakmedown.model.AppUser.account -> com.sgen.breakmedown.breakmedown.model.account.Account; nested exception is java.lang.IllegalStateException: org.hibernate.TransientPropertyValueException: object references an unsaved transient instance - save the transient instance before flushing : com.sgen.breakmedown.breakmedown.model.AppUser.account -> com.sgen.breakmedown.breakmedown.model.account.Account, mergedContextConfiguration = [MergedContextConfiguration@4917992b testClass = AppUserRepoTest, locations = '{}', classes = '{class com.sgen.breakmedown.breakmedown.BreakMeDownApplication}', contextInitializerClasses = '[]', activeProfiles = '{}', propertySourceLocations = '{}', propertySourceProperties = '{org.springframework.boot.test.autoconfigure.orm.jpa.DataJpaTestContextBootstrapper=true}', contextCustomizers = set[[ImportsContextCustomizer@62536882 key = [org.springframework.boot.autoconfigure.cache.CacheAutoConfiguration, org.springframework.boot.autoconfigure.data.jpa.JpaRepositoriesAutoConfiguration, org.springframework.boot.autoconfigure.flyway.FlywayAutoConfiguration, org.springframework.boot.autoconfigure.jdbc.DataSourceAutoConfiguration, org.springframework.boot.autoconfigure.jdbc.DataSourceTransactionManagerAutoConfiguration, org.springframework.boot.autoconfigure.jdbc.JdbcTemplateAutoConfiguration, org.springframework.boot.autoconfigure.liquibase.LiquibaseAutoConfiguration, org.springframework.boot.autoconfigure.orm.jpa.HibernateJpaAutoConfiguration, org.springframework.boot.autoconfigure.sql.init.SqlInitializationAutoConfiguration, org.springframework.boot.autoconfigure.transaction.TransactionAutoConfiguration, org.springframework.boot.test.autoconfigure.jdbc.TestDatabaseAutoConfiguration, org.springframework.boot.test.autoconfigure.orm.jpa.TestEntityManagerAutoConfiguration]], org.springframework.boot.test.context.filter.ExcludeFilterContextCustomizer@10feca44, org.springframework.boot.test.json.DuplicateJsonObjectContextCustomizerFactory$DuplicateJsonObjectContextCustomizer@4d02f94e, org.springframework.boot.test.mock.mockito.MockitoContextCustomizer@0, org.springframework.boot.test.autoconfigure.OverrideAutoConfigurationContextCustomizerFactory$DisableAutoConfigurationContextCustomizer@742aa00a, org.springframework.boot.test.autoconfigure.actuate.metrics.MetricsExportContextCustomizerFactory$DisableMetricExportContextCustomizer@505fc5a4, org.springframework.boot.test.autoconfigure.filter.TypeExcludeFiltersContextCustomizer@351584c0, org.springframework.boot.test.autoconfigure.properties.PropertyMappingContextCustomizer@dee870c1, org.springframework.boot.test.autoconfigure.web.servlet.WebDriverContextCustomizerFactory$Customizer@7205765b, org.springframework.boot.test.context.SpringBootTestArgs@1, org.springframework.boot.test.context.SpringBootTestWebEnvironment@0], contextLoader = 'org.springframework.boot.test.context.SpringBootContextLoader', parent = [null]], attributes = map['org.springframework.test.context.event.ApplicationEventsTestExecutionListener.recordApplicationEvents' -> false]]
]]></system-out>
  </testcase>
</testsuite>